<?xml version="1.0" encoding="UTF-8"?>
<!-- Generated by org.testng.reporters.JUnitXMLReporter -->
<testsuite hostname="PFC" ignored="0" name="Default test" tests="3" failures="0" timestamp="05 Jan 2019 16:11:23 GMT" time="49.498" errors="0">
  <testcase name="loginPageTitleTest" time="0.032" classname="com.qa.testCases.LoginPageTest"/>
  <testcase name="loginTest" time="2.247" classname="com.qa.testCases.LoginPageTest"/>
  <testcase name="verifyIncorrectUserId" time="1.053" classname="com.qa.testCases.LoginPageTest"/>
</testsuite> <!-- Default test -->
