<?xml version="1.0" encoding="UTF-8"?>
<testng-results skipped="0" failed="0" ignored="0" total="2" passed="2">
  <reporter-output>
  </reporter-output>
  <suite name="Default suite" duration-ms="52068" started-at="2018-12-29T18:08:33Z" finished-at="2018-12-29T18:09:25Z">
    <groups>
    </groups>
    <test name="Default test" duration-ms="52068" started-at="2018-12-29T18:08:33Z" finished-at="2018-12-29T18:09:25Z">
      <class name="com.qa.testCases.LoginPageTest">
        <test-method status="PASS" signature="setUp()[pri:0, instance:com.qa.testCases.LoginPageTest@3532ec19]" name="setUp" is-config="true" duration-ms="25607" started-at="2018-12-29T18:08:33Z" finished-at="2018-12-29T18:08:58Z">
          <reporter-output>
          </reporter-output>
        </test-method> <!-- setUp -->
        <test-method status="PASS" signature="loginPageTitleTest()[pri:0, instance:com.qa.testCases.LoginPageTest@3532ec19]" name="loginPageTitleTest" duration-ms="19" started-at="2018-12-29T18:08:58Z" finished-at="2018-12-29T18:08:58Z">
          <reporter-output>
          </reporter-output>
        </test-method> <!-- loginPageTitleTest -->
        <test-method status="PASS" signature="tearDown()[pri:0, instance:com.qa.testCases.LoginPageTest@3532ec19]" name="tearDown" is-config="true" duration-ms="665" started-at="2018-12-29T18:08:58Z" finished-at="2018-12-29T18:08:59Z">
          <reporter-output>
          </reporter-output>
        </test-method> <!-- tearDown -->
        <test-method status="PASS" signature="setUp()[pri:0, instance:com.qa.testCases.LoginPageTest@3532ec19]" name="setUp" is-config="true" duration-ms="17947" started-at="2018-12-29T18:08:59Z" finished-at="2018-12-29T18:09:17Z">
          <reporter-output>
          </reporter-output>
        </test-method> <!-- setUp -->
        <test-method status="PASS" signature="loginTest()[pri:0, instance:com.qa.testCases.LoginPageTest@3532ec19]" name="loginTest" duration-ms="7119" started-at="2018-12-29T18:09:17Z" finished-at="2018-12-29T18:09:24Z">
          <reporter-output>
          </reporter-output>
        </test-method> <!-- loginTest -->
        <test-method status="PASS" signature="tearDown()[pri:0, instance:com.qa.testCases.LoginPageTest@3532ec19]" name="tearDown" is-config="true" duration-ms="673" started-at="2018-12-29T18:09:24Z" finished-at="2018-12-29T18:09:25Z">
          <reporter-output>
          </reporter-output>
        </test-method> <!-- tearDown -->
      </class> <!-- com.qa.testCases.LoginPageTest -->
    </test> <!-- Default test -->
  </suite> <!-- Default suite -->
</testng-results>
