<?xml version="1.0" encoding="UTF-8"?>
<testng-results skipped="0" failed="0" ignored="0" total="3" passed="3">
  <reporter-output>
  </reporter-output>
  <suite name="FirstMavenProject Automation Test Suite" duration-ms="127380" started-at="2019-01-05T18:05:12Z" finished-at="2019-01-05T18:07:20Z">
    <groups>
    </groups>
    <test name="TestDemo" duration-ms="127380" started-at="2019-01-05T18:05:12Z" finished-at="2019-01-05T18:07:20Z">
      <class name="com.qa.testCases.LoginPageTest">
        <test-method status="PASS" signature="setUp()[pri:0, instance:com.qa.testCases.LoginPageTest@604ed9f0]" name="setUp" is-config="true" duration-ms="43238" started-at="2019-01-05T18:05:13Z" finished-at="2019-01-05T18:05:56Z">
          <reporter-output>
          </reporter-output>
        </test-method> <!-- setUp -->
        <test-method status="PASS" signature="loginPageTitleTest()[pri:0, instance:com.qa.testCases.LoginPageTest@604ed9f0]" name="loginPageTitleTest" duration-ms="34" started-at="2019-01-05T18:05:56Z" finished-at="2019-01-05T18:05:56Z">
          <reporter-output>
          </reporter-output>
        </test-method> <!-- loginPageTitleTest -->
        <test-method status="PASS" signature="tearDown()[pri:0, instance:com.qa.testCases.LoginPageTest@604ed9f0]" name="tearDown" is-config="true" duration-ms="5997" started-at="2019-01-05T18:05:56Z" finished-at="2019-01-05T18:06:02Z">
          <reporter-output>
          </reporter-output>
        </test-method> <!-- tearDown -->
        <test-method status="PASS" signature="setUp()[pri:0, instance:com.qa.testCases.LoginPageTest@604ed9f0]" name="setUp" is-config="true" duration-ms="25607" started-at="2019-01-05T18:06:02Z" finished-at="2019-01-05T18:06:27Z">
          <reporter-output>
          </reporter-output>
        </test-method> <!-- setUp -->
        <test-method status="PASS" signature="loginTest()[pri:0, instance:com.qa.testCases.LoginPageTest@604ed9f0]" name="loginTest" duration-ms="20598" started-at="2019-01-05T18:06:27Z" finished-at="2019-01-05T18:06:48Z">
          <reporter-output>
          </reporter-output>
        </test-method> <!-- loginTest -->
        <test-method status="PASS" signature="tearDown()[pri:0, instance:com.qa.testCases.LoginPageTest@604ed9f0]" name="tearDown" is-config="true" duration-ms="715" started-at="2019-01-05T18:06:48Z" finished-at="2019-01-05T18:06:49Z">
          <reporter-output>
          </reporter-output>
        </test-method> <!-- tearDown -->
        <test-method status="PASS" signature="setUp()[pri:0, instance:com.qa.testCases.LoginPageTest@604ed9f0]" name="setUp" is-config="true" duration-ms="23392" started-at="2019-01-05T18:06:49Z" finished-at="2019-01-05T18:07:12Z">
          <reporter-output>
          </reporter-output>
        </test-method> <!-- setUp -->
        <test-method status="PASS" signature="verifyIncorrectUserId()[pri:0, instance:com.qa.testCases.LoginPageTest@604ed9f0]" name="verifyIncorrectUserId" duration-ms="1434" started-at="2019-01-05T18:07:12Z" finished-at="2019-01-05T18:07:14Z">
          <reporter-output>
          </reporter-output>
        </test-method> <!-- verifyIncorrectUserId -->
        <test-method status="PASS" signature="tearDown()[pri:0, instance:com.qa.testCases.LoginPageTest@604ed9f0]" name="tearDown" is-config="true" duration-ms="6102" started-at="2019-01-05T18:07:14Z" finished-at="2019-01-05T18:07:20Z">
          <reporter-output>
          </reporter-output>
        </test-method> <!-- tearDown -->
      </class> <!-- com.qa.testCases.LoginPageTest -->
    </test> <!-- TestDemo -->
  </suite> <!-- FirstMavenProject Automation Test Suite -->
</testng-results>
