<?xml version="1.0" encoding="UTF-8"?>
<!-- Generated by org.testng.reporters.JUnitXMLReporter -->
<testsuite hostname="PFC" ignored="0" name="TestDemo" tests="3" failures="0" timestamp="05 Jan 2019 18:07:20 GMT" time="127.38" errors="0">
  <testcase name="loginPageTitleTest" time="0.034" classname="com.qa.testCases.LoginPageTest"/>
  <testcase name="loginTest" time="20.598" classname="com.qa.testCases.LoginPageTest"/>
  <testcase name="verifyIncorrectUserId" time="1.434" classname="com.qa.testCases.LoginPageTest"/>
</testsuite> <!-- TestDemo -->
